        -:    0:Source:sample.c
        -:    0:Graph:sample.gcno
        -:    0:Data:sample.gcda
        -:    0:Runs:1
        -:    0:Programs:1
        -:    1:#include <stdlib.h>
        -:    2:#include <stdio.h>
        -:    3:
        -:    4:void test ()
    49999:    5:{
        -:    6:    int i;
    49999:    7:    for (i=0; i<10000; i++);
    49999:    8:}
        -:    9:
        -:   10:int prime (int num);
        -:   11:
        -:   12:int main()
        1:   13:{
        -:   14:    int i;
        1:   15:    int colcnt = 0;
    50000:   16:    for (i=2; i <= 50000; i++)
        -:   17:    {
    49999:   18:        if (prime(i)) 
        -:   19:        {
     5133:   20:            colcnt++;
     5133:   21:            if (colcnt%9 == 0) 
        -:   22:            {
      570:   23:                printf("%5d\n",i);
      570:   24:                colcnt = 0;
        -:   25:            }
        -:   26:            else
        -:   27:            {
     4563:   28:                printf("%5d ", i);
        -:   29:            }
        -:   30:        }
        -:   31:    }
        -:   32:
        1:   33:    putchar('\n');
        1:   34:    return 0;
        -:   35: }
        -:   36:
        -:   37:int prime (int num) 
    49999:   38:{
        -:   39:    /* check to see if the number is a prime? */
    49999:   40:    test();
        -:   41:    int i;
121337004:   42:    for (i=2; i < num; i++)
121331871:   43:    if (num %i == 0)
        -:   44:    {
    44866:   45:      return 0;
        -:   46:    }
        -:   47:
     5133:   48:    return 1;
        -:   49:}
